# JRE version: Java(TM) SE Runtime Environment (8.0_131-b11) (build 1.8.0_131-b11)
# Java VM: Java HotSpot(TM) 64-Bit Server VM (25.131-b11 mixed mode windows-amd64 compressed oops)
Heap:
 PSYoungGen      total 270848K, used 124320K [0x00000000d5c00000, 0x00000000ebb00000, 0x0000000100000000)
  eden space 255488K, 42% used [0x00000000d5c00000,0x00000000dc6fbc48,0x00000000e5580000)
  from space 15360K, 96% used [0x00000000e5580000,0x00000000e63ec468,0x00000000e6480000)
  to   space 17408K, 0% used [0x00000000eaa00000,0x00000000eaa00000,0x00000000ebb00000)
 ParOldGen       total 87552K, used 25386K [0x0000000081400000, 0x0000000086980000, 0x00000000d5c00000)
  object space 87552K, 28% used [0x0000000081400000,0x0000000082cca8b0,0x0000000086980000)
 Metaspace       used 52982K, capacity 53720K, committed 54104K, reserved 1095680K
  class space    used 6793K, capacity 6966K, committed 7040K, reserved 1048576K
GC Heap History (10 events):
Event: 8.336 GC heap before
{Heap before GC invocations=9 (full 1):
 PSYoungGen      total 137728K, used 137719K [0x00000000d5c00000, 0x00000000e2b80000, 0x0000000100000000)
  eden space 129024K, 100% used [0x00000000d5c00000,0x00000000dda00000,0x00000000dda00000)
  from space 8704K, 99% used [0x00000000dda00000,0x00000000de27df40,0x00000000de280000)
  to   space 10240K, 0% used [0x00000000e2180000,0x00000000e2180000,0x00000000e2b80000)
 ParOldGen       total 53248K, used 8526K [0x0000000081400000, 0x0000000084800000, 0x00000000d5c00000)
  object space 53248K, 16% used [0x0000000081400000,0x0000000081c53858,0x0000000084800000)
 Metaspace       used 33176K, capacity 33538K, committed 34048K, reserved 1079296K
  class space    used 4157K, capacity 4234K, committed 4352K, reserved 1048576K
Event: 8.356 GC heap after
Heap after GC invocations=9 (full 1):
 PSYoungGen      total 197632K, used 10232K [0x00000000d5c00000, 0x00000000e4e00000, 0x0000000100000000)
  eden space 187392K, 0% used [0x00000000d5c00000,0x00000000d5c00000,0x00000000e1300000)
  from space 10240K, 99% used [0x00000000e2180000,0x00000000e2b7e150,0x00000000e2b80000)
  to   space 14848K, 0% used [0x00000000e1300000,0x00000000e1300000,0x00000000e2180000)
 ParOldGen       total 53248K, used 16622K [0x0000000081400000, 0x0000000084800000, 0x00000000d5c00000)
  object space 53248K, 31% used [0x0000000081400000,0x000000008243b868,0x0000000084800000)
 Metaspace       used 33176K, capacity 33538K, committed 34048K, reserved 1079296K
  class space    used 4157K, capacity 4234K, committed 4352K, reserved 1048576K
}
Event: 12.956 GC heap before
{Heap before GC invocations=10 (full 1):
 PSYoungGen      total 197632K, used 80725K [0x00000000d5c00000, 0x00000000e4e00000, 0x0000000100000000)
  eden space 187392K, 37% used [0x00000000d5c00000,0x00000000da0d73b0,0x00000000e1300000)
  from space 10240K, 99% used [0x00000000e2180000,0x00000000e2b7e150,0x00000000e2b80000)
  to   space 14848K, 0% used [0x00000000e1300000,0x00000000e1300000,0x00000000e2180000)
 ParOldGen       total 53248K, used 16622K [0x0000000081400000, 0x0000000084800000, 0x00000000d5c00000)
  object space 53248K, 31% used [0x0000000081400000,0x000000008243b868,0x0000000084800000)
 Metaspace       used 34743K, capacity 35118K, committed 35416K, reserved 1081344K
  class space    used 4372K, capacity 4460K, committed 4480K, reserved 1048576K
Event: 12.984 GC heap after
Heap after GC invocations=10 (full 1):
 PSYoungGen      total 202240K, used 11395K [0x00000000d5c00000, 0x00000000e7a00000, 0x0000000100000000)
  eden space 187392K, 0% used [0x00000000d5c00000,0x00000000d5c00000,0x00000000e1300000)
  from space 14848K, 76% used [0x00000000e1300000,0x00000000e1e20da0,0x00000000e2180000)
  to   space 15872K, 0% used [0x00000000e6a80000,0x00000000e6a80000,0x00000000e7a00000)
 ParOldGen       total 53248K, used 18558K [0x0000000081400000, 0x0000000084800000, 0x00000000d5c00000)
  object space 53248K, 34% used [0x0000000081400000,0x000000008261f868,0x0000000084800000)
 Metaspace       used 34743K, capacity 35118K, committed 35416K, reserved 1081344K
  class space    used 4372K, capacity 4460K, committed 4480K, reserved 1048576K
}
Event: 12.984 GC heap before
{Heap before GC invocations=11 (full 2):
 PSYoungGen      total 202240K, used 11395K [0x00000000d5c00000, 0x00000000e7a00000, 0x0000000100000000)
  eden space 187392K, 0% used [0x00000000d5c00000,0x00000000d5c00000,0x00000000e1300000)
  from space 14848K, 76% used [0x00000000e1300000,0x00000000e1e20da0,0x00000000e2180000)
  to   space 15872K, 0% used [0x00000000e6a80000,0x00000000e6a80000,0x00000000e7a00000)
 ParOldGen       total 53248K, used 18558K [0x0000000081400000, 0x0000000084800000, 0x00000000d5c00000)
  object space 53248K, 34% used [0x0000000081400000,0x000000008261f868,0x0000000084800000)
 Metaspace       used 34743K, capacity 35118K, committed 35416K, reserved 1081344K
  class space    used 4372K, capacity 4460K, committed 4480K, reserved 1048576K
Event: 13.106 GC heap after
Heap after GC invocations=11 (full 2):
 PSYoungGen      total 202240K, used 0K [0x00000000d5c00000, 0x00000000e7a00000, 0x0000000100000000)
  eden space 187392K, 0% used [0x00000000d5c00000,0x00000000d5c00000,0x00000000e1300000)
  from space 14848K, 0% used [0x00000000e1300000,0x00000000e1300000,0x00000000e2180000)
  to   space 15872K, 0% used [0x00000000e6a80000,0x00000000e6a80000,0x00000000e7a00000)
 ParOldGen       total 87552K, used 21218K [0x0000000081400000, 0x0000000086980000, 0x00000000d5c00000)
  object space 87552K, 24% used [0x0000000081400000,0x00000000828b89f0,0x0000000086980000)
 Metaspace       used 34743K, capacity 35118K, committed 35416K, reserved 1081344K
  class space    used 4372K, capacity 4460K, committed 4480K, reserved 1048576K
}
Event: 14.960 GC heap before
{Heap before GC invocations=12 (full 2):
 PSYoungGen      total 202240K, used 187392K [0x00000000d5c00000, 0x00000000e7a00000, 0x0000000100000000)
  eden space 187392K, 100% used [0x00000000d5c00000,0x00000000e1300000,0x00000000e1300000)
  from space 14848K, 0% used [0x00000000e1300000,0x00000000e1300000,0x00000000e2180000)
  to   space 15872K, 0% used [0x00000000e6a80000,0x00000000e6a80000,0x00000000e7a00000)
 ParOldGen       total 87552K, used 21218K [0x0000000081400000, 0x0000000086980000, 0x00000000d5c00000)
  object space 87552K, 24% used [0x0000000081400000,0x00000000828b89f0,0x0000000086980000)
 Metaspace       used 37502K, capacity 37908K, committed 38360K, reserved 1083392K
  class space    used 4713K, capacity 4825K, committed 4864K, reserved 1048576K
Event: 14.981 GC heap after
Heap after GC invocations=12 (full 2):
 PSYoungGen      total 259584K, used 8820K [0x00000000d5c00000, 0x00000000e7380000, 0x0000000100000000)
  eden space 250368K, 0% used [0x00000000d5c00000,0x00000000d5c00000,0x00000000e5080000)
  from space 9216K, 95% used [0x00000000e6a80000,0x00000000e731d088,0x00000000e7380000)
  to   space 15360K, 0% used [0x00000000e5580000,0x00000000e5580000,0x00000000e6480000)
 ParOldGen       total 87552K, used 21226K [0x0000000081400000, 0x0000000086980000, 0x00000000d5c00000)
  object space 87552K, 24% used [0x0000000081400000,0x00000000828ba9f0,0x0000000086980000)
 Metaspace       used 37502K, capacity 37908K, committed 38360K, reserved 1083392K
  class space    used 4713K, capacity 4825K, committed 4864K, reserved 1048576K
}
Event: 178.691 GC heap before
{Heap before GC invocations=13 (full 2):
 PSYoungGen      total 259584K, used 259188K [0x00000000d5c00000, 0x00000000e7380000, 0x0000000100000000)
  eden space 250368K, 100% used [0x00000000d5c00000,0x00000000e5080000,0x00000000e5080000)
  from space 9216K, 95% used [0x00000000e6a80000,0x00000000e731d088,0x00000000e7380000)
  to   space 15360K, 0% used [0x00000000e5580000,0x00000000e5580000,0x00000000e6480000)
 ParOldGen       total 87552K, used 21226K [0x0000000081400000, 0x0000000086980000, 0x00000000d5c00000)
  object space 87552K, 24% used [0x0000000081400000,0x00000000828ba9f0,0x0000000086980000)
 Metaspace       used 49048K, capacity 49646K, committed 49880K, reserved 1093632K
  class space    used 6228K, capacity 6399K, committed 6400K, reserved 1048576K
Event: 178.810 GC heap after
Heap after GC invocations=13 (full 2):
 PSYoungGen      total 270848K, used 14769K [0x00000000d5c00000, 0x00000000ebb00000, 0x0000000100000000)
  eden space 255488K, 0% used [0x00000000d5c00000,0x00000000d5c00000,0x00000000e5580000)
  from space 15360K, 96% used [0x00000000e5580000,0x00000000e63ec468,0x00000000e6480000)
  to   space 17408K, 0% used [0x00000000eaa00000,0x00000000eaa00000,0x00000000ebb00000)
 ParOldGen       total 87552K, used 25386K [0x0000000081400000, 0x0000000086980000, 0x00000000d5c00000)
  object space 87552K, 28% used [0x0000000081400000,0x0000000082cca8b0,0x0000000086980000)
 Metaspace       used 49048K, capacity 49646K, committed 49880K, reserved 1093632K
  class space    used 6228K, capacity 6399K, committed 6400K, reserved 1048576K
}

