# JRE version: Java(TM) SE Runtime Environment (8.0_131-b11) (build 1.8.0_131-b11)
# Java VM: Java HotSpot(TM) 64-Bit Server VM (25.131-b11 mixed mode windows-amd64 compressed oops)
Heap:
 PSYoungGen      total 118784K, used 96015K [0x00000000d5c00000, 0x00000000deb00000, 0x0000000100000000)
  eden space 110080K, 87% used [0x00000000d5c00000,0x00000000db9c3fb0,0x00000000dc780000)
  from space 8704K, 0% used [0x00000000dda00000,0x00000000dda00000,0x00000000de280000)
  to   space 4608K, 0% used [0x00000000de680000,0x00000000de680000,0x00000000deb00000)
 ParOldGen       total 53760K, used 24614K [0x0000000081400000, 0x0000000084880000, 0x00000000d5c00000)
  object space 53760K, 45% used [0x0000000081400000,0x0000000082c099d8,0x0000000084880000)
 Metaspace       used 36637K, capacity 36992K, committed 37288K, reserved 1081344K
  class space    used 4618K, capacity 4719K, committed 4776K, reserved 1048576K
GC Heap History (10 events):
Event: 5.552 GC heap before
{Heap before GC invocations=7 (full 1):
 PSYoungGen      total 71680K, used 66560K [0x00000000d5c00000, 0x00000000def00000, 0x0000000100000000)
  eden space 66560K, 100% used [0x00000000d5c00000,0x00000000d9d00000,0x00000000d9d00000)
  from space 5120K, 0% used [0x00000000d9d00000,0x00000000d9d00000,0x00000000da200000)
  to   space 8704K, 0% used [0x00000000de680000,0x00000000de680000,0x00000000def00000)
 ParOldGen       total 53760K, used 7482K [0x0000000081400000, 0x0000000084880000, 0x00000000d5c00000)
  object space 53760K, 13% used [0x0000000081400000,0x0000000081b4e970,0x0000000084880000)
 Metaspace       used 23475K, capacity 23830K, committed 24064K, reserved 1071104K
  class space    used 2916K, capacity 3016K, committed 3072K, reserved 1048576K
Event: 5.562 GC heap after
Heap after GC invocations=7 (full 1):
 PSYoungGen      total 114688K, used 4598K [0x00000000d5c00000, 0x00000000deb00000, 0x0000000100000000)
  eden space 110080K, 0% used [0x00000000d5c00000,0x00000000d5c00000,0x00000000dc780000)
  from space 4608K, 99% used [0x00000000de680000,0x00000000deafdbb0,0x00000000deb00000)
  to   space 8704K, 0% used [0x00000000dda00000,0x00000000dda00000,0x00000000de280000)
 ParOldGen       total 53760K, used 7490K [0x0000000081400000, 0x0000000084880000, 0x00000000d5c00000)
  object space 53760K, 13% used [0x0000000081400000,0x0000000081b50970,0x0000000084880000)
 Metaspace       used 23475K, capacity 23830K, committed 24064K, reserved 1071104K
  class space    used 2916K, capacity 3016K, committed 3072K, reserved 1048576K
}
Event: 6.712 GC heap before
{Heap before GC invocations=8 (full 1):
 PSYoungGen      total 114688K, used 114678K [0x00000000d5c00000, 0x00000000deb00000, 0x0000000100000000)
  eden space 110080K, 100% used [0x00000000d5c00000,0x00000000dc780000,0x00000000dc780000)
  from space 4608K, 99% used [0x00000000de680000,0x00000000deafdbb0,0x00000000deb00000)
  to   space 8704K, 0% used [0x00000000dda00000,0x00000000dda00000,0x00000000de280000)
 ParOldGen       total 53760K, used 7490K [0x0000000081400000, 0x0000000084880000, 0x00000000d5c00000)
  object space 53760K, 13% used [0x0000000081400000,0x0000000081b50970,0x0000000084880000)
 Metaspace       used 26644K, capacity 26984K, committed 27264K, reserved 1073152K
  class space    used 3347K, capacity 3451K, committed 3456K, reserved 1048576K
Event: 6.720 GC heap after
Heap after GC invocations=8 (full 1):
 PSYoungGen      total 118784K, used 8676K [0x00000000d5c00000, 0x00000000deb00000, 0x0000000100000000)
  eden space 110080K, 0% used [0x00000000d5c00000,0x00000000d5c00000,0x00000000dc780000)
  from space 8704K, 99% used [0x00000000dda00000,0x00000000de279058,0x00000000de280000)
  to   space 4608K, 0% used [0x00000000de680000,0x00000000de680000,0x00000000deb00000)
 ParOldGen       total 53760K, used 7748K [0x0000000081400000, 0x0000000084880000, 0x00000000d5c00000)
  object space 53760K, 14% used [0x0000000081400000,0x0000000081b91188,0x0000000084880000)
 Metaspace       used 26644K, capacity 26984K, committed 27264K, reserved 1073152K
  class space    used 3347K, capacity 3451K, committed 3456K, reserved 1048576K
}
Event: 7.913 GC heap before
{Heap before GC invocations=9 (full 1):
 PSYoungGen      total 118784K, used 118756K [0x00000000d5c00000, 0x00000000deb00000, 0x0000000100000000)
  eden space 110080K, 100% used [0x00000000d5c00000,0x00000000dc780000,0x00000000dc780000)
  from space 8704K, 99% used [0x00000000dda00000,0x00000000de279058,0x00000000de280000)
  to   space 4608K, 0% used [0x00000000de680000,0x00000000de680000,0x00000000deb00000)
 ParOldGen       total 53760K, used 7748K [0x0000000081400000, 0x0000000084880000, 0x00000000d5c00000)
  object space 53760K, 14% used [0x0000000081400000,0x0000000081b91188,0x0000000084880000)
 Metaspace       used 32839K, capacity 33214K, committed 33408K, reserved 1079296K
  class space    used 4096K, capacity 4196K, committed 4224K, reserved 1048576K
Event: 7.926 GC heap after
Heap after GC invocations=9 (full 1):
 PSYoungGen      total 114688K, used 4586K [0x00000000d5c00000, 0x00000000deb00000, 0x0000000100000000)
  eden space 110080K, 0% used [0x00000000d5c00000,0x00000000d5c00000,0x00000000dc780000)
  from space 4608K, 99% used [0x00000000de680000,0x00000000deafa978,0x00000000deb00000)
  to   space 8704K, 0% used [0x00000000dda00000,0x00000000dda00000,0x00000000de280000)
 ParOldGen       total 53760K, used 20132K [0x0000000081400000, 0x0000000084880000, 0x00000000d5c00000)
  object space 53760K, 37% used [0x0000000081400000,0x00000000827a9270,0x0000000084880000)
 Metaspace       used 32839K, capacity 33214K, committed 33408K, reserved 1079296K
  class space    used 4096K, capacity 4196K, committed 4224K, reserved 1048576K
}
Event: 8.681 GC heap before
{Heap before GC invocations=10 (full 1):
 PSYoungGen      total 114688K, used 88214K [0x00000000d5c00000, 0x00000000deb00000, 0x0000000100000000)
  eden space 110080K, 75% used [0x00000000d5c00000,0x00000000dadab1b0,0x00000000dc780000)
  from space 4608K, 99% used [0x00000000de680000,0x00000000deafa978,0x00000000deb00000)
  to   space 8704K, 0% used [0x00000000dda00000,0x00000000dda00000,0x00000000de280000)
 ParOldGen       total 53760K, used 20132K [0x0000000081400000, 0x0000000084880000, 0x00000000d5c00000)
  object space 53760K, 37% used [0x0000000081400000,0x00000000827a9270,0x0000000084880000)
 Metaspace       used 34873K, capacity 35260K, committed 35496K, reserved 1081344K
  class space    used 4371K, capacity 4489K, committed 4520K, reserved 1048576K
Event: 8.692 GC heap after
Heap after GC invocations=10 (full 1):
 PSYoungGen      total 118784K, used 7148K [0x00000000d5c00000, 0x00000000deb00000, 0x0000000100000000)
  eden space 110080K, 0% used [0x00000000d5c00000,0x00000000d5c00000,0x00000000dc780000)
  from space 8704K, 82% used [0x00000000dda00000,0x00000000de0fb3c0,0x00000000de280000)
  to   space 4608K, 0% used [0x00000000de680000,0x00000000de680000,0x00000000deb00000)
 ParOldGen       total 53760K, used 21015K [0x0000000081400000, 0x0000000084880000, 0x00000000d5c00000)
  object space 53760K, 39% used [0x0000000081400000,0x0000000082885df8,0x0000000084880000)
 Metaspace       used 34873K, capacity 35260K, committed 35496K, reserved 1081344K
  class space    used 4371K, capacity 4489K, committed 4520K, reserved 1048576K
}
Event: 8.692 GC heap before
{Heap before GC invocations=11 (full 2):
 PSYoungGen      total 118784K, used 7148K [0x00000000d5c00000, 0x00000000deb00000, 0x0000000100000000)
  eden space 110080K, 0% used [0x00000000d5c00000,0x00000000d5c00000,0x00000000dc780000)
  from space 8704K, 82% used [0x00000000dda00000,0x00000000de0fb3c0,0x00000000de280000)
  to   space 4608K, 0% used [0x00000000de680000,0x00000000de680000,0x00000000deb00000)
 ParOldGen       total 53760K, used 21015K [0x0000000081400000, 0x0000000084880000, 0x00000000d5c00000)
  object space 53760K, 39% used [0x0000000081400000,0x0000000082885df8,0x0000000084880000)
 Metaspace       used 34873K, capacity 35260K, committed 35496K, reserved 1081344K
  class space    used 4371K, capacity 4489K, committed 4520K, reserved 1048576K
Event: 8.801 GC heap after
Heap after GC invocations=11 (full 2):
 PSYoungGen      total 118784K, used 0K [0x00000000d5c00000, 0x00000000deb00000, 0x0000000100000000)
  eden space 110080K, 0% used [0x00000000d5c00000,0x00000000d5c00000,0x00000000dc780000)
  from space 8704K, 0% used [0x00000000dda00000,0x00000000dda00000,0x00000000de280000)
  to   space 4608K, 0% used [0x00000000de680000,0x00000000de680000,0x00000000deb00000)
 ParOldGen       total 53760K, used 24614K [0x0000000081400000, 0x0000000084880000, 0x00000000d5c00000)
  object space 53760K, 45% used [0x0000000081400000,0x0000000082c099d8,0x0000000084880000)
 Metaspace       used 34873K, capacity 35260K, committed 35496K, reserved 1081344K
  class space    used 4371K, capacity 4489K, committed 4520K, reserved 1048576K
}

