# JRE version: Java(TM) SE Runtime Environment (8.0_131-b11) (build 1.8.0_131-b11)
# Java VM: Java HotSpot(TM) 64-Bit Server VM (25.131-b11 mixed mode windows-amd64 compressed oops)
Heap:
 PSYoungGen      total 68096K, used 10228K [0x00000000d5c00000, 0x00000000dd800000, 0x0000000100000000)
  eden space 62976K, 9% used [0x00000000d5c00000,0x00000000d61a7a88,0x00000000d9980000)
  from space 5120K, 86% used [0x00000000da200000,0x00000000da6557a8,0x00000000da700000)
  to   space 8704K, 0% used [0x00000000d9980000,0x00000000d9980000,0x00000000da200000)
 ParOldGen       total 55296K, used 8061K [0x0000000081400000, 0x0000000084a00000, 0x00000000d5c00000)
  object space 55296K, 14% used [0x0000000081400000,0x0000000081bdf5a0,0x0000000084a00000)
 Metaspace       used 23139K, capacity 23394K, committed 23808K, reserved 1071104K
  class space    used 2885K, capacity 2954K, committed 3072K, reserved 1048576K
GC Heap History (10 events):
Event: 2.453 GC heap before
{Heap before GC invocations=3 (full 0):
 PSYoungGen      total 38400K, used 37530K [0x00000000d5c00000, 0x00000000d8680000, 0x0000000100000000)
  eden space 33280K, 100% used [0x00000000d5c00000,0x00000000d7c80000,0x00000000d7c80000)
  from space 5120K, 83% used [0x00000000d8180000,0x00000000d85a6b80,0x00000000d8680000)
  to   space 5120K, 0% used [0x00000000d7c80000,0x00000000d7c80000,0x00000000d8180000)
 ParOldGen       total 87552K, used 16K [0x0000000081400000, 0x0000000086980000, 0x00000000d5c00000)
  object space 87552K, 0% used [0x0000000081400000,0x0000000081404000,0x0000000086980000)
 Metaspace       used 12275K, capacity 12416K, committed 12672K, reserved 1060864K
  class space    used 1516K, capacity 1560K, committed 1664K, reserved 1048576K
Event: 2.458 GC heap after
Heap after GC invocations=3 (full 0):
 PSYoungGen      total 38400K, used 5103K [0x00000000d5c00000, 0x00000000da700000, 0x0000000100000000)
  eden space 33280K, 0% used [0x00000000d5c00000,0x00000000d5c00000,0x00000000d7c80000)
  from space 5120K, 99% used [0x00000000d7c80000,0x00000000d817bdc0,0x00000000d8180000)
  to   space 5120K, 0% used [0x00000000da200000,0x00000000da200000,0x00000000da700000)
 ParOldGen       total 87552K, used 410K [0x0000000081400000, 0x0000000086980000, 0x00000000d5c00000)
  object space 87552K, 0% used [0x0000000081400000,0x0000000081466998,0x0000000086980000)
 Metaspace       used 12275K, capacity 12416K, committed 12672K, reserved 1060864K
  class space    used 1516K, capacity 1560K, committed 1664K, reserved 1048576K
}
Event: 2.734 GC heap before
{Heap before GC invocations=4 (full 0):
 PSYoungGen      total 38400K, used 38383K [0x00000000d5c00000, 0x00000000da700000, 0x0000000100000000)
  eden space 33280K, 100% used [0x00000000d5c00000,0x00000000d7c80000,0x00000000d7c80000)
  from space 5120K, 99% used [0x00000000d7c80000,0x00000000d817bdc0,0x00000000d8180000)
  to   space 5120K, 0% used [0x00000000da200000,0x00000000da200000,0x00000000da700000)
 ParOldGen       total 87552K, used 410K [0x0000000081400000, 0x0000000086980000, 0x00000000d5c00000)
  object space 87552K, 0% used [0x0000000081400000,0x0000000081466998,0x0000000086980000)
 Metaspace       used 15536K, capacity 15722K, committed 15872K, reserved 1062912K
  class space    used 1923K, capacity 1951K, committed 2048K, reserved 1048576K
Event: 2.741 GC heap after
Heap after GC invocations=4 (full 0):
 PSYoungGen      total 71680K, used 5113K [0x00000000d5c00000, 0x00000000da700000, 0x0000000100000000)
  eden space 66560K, 0% used [0x00000000d5c00000,0x00000000d5c00000,0x00000000d9d00000)
  from space 5120K, 99% used [0x00000000da200000,0x00000000da6fe7b8,0x00000000da700000)
  to   space 5120K, 0% used [0x00000000d9d00000,0x00000000d9d00000,0x00000000da200000)
 ParOldGen       total 87552K, used 1190K [0x0000000081400000, 0x0000000086980000, 0x00000000d5c00000)
  object space 87552K, 1% used [0x0000000081400000,0x0000000081529b80,0x0000000086980000)
 Metaspace       used 15536K, capacity 15722K, committed 15872K, reserved 1062912K
  class space    used 1923K, capacity 1951K, committed 2048K, reserved 1048576K
}
Event: 3.171 GC heap before
{Heap before GC invocations=5 (full 0):
 PSYoungGen      total 71680K, used 71673K [0x00000000d5c00000, 0x00000000da700000, 0x0000000100000000)
  eden space 66560K, 100% used [0x00000000d5c00000,0x00000000d9d00000,0x00000000d9d00000)
  from space 5120K, 99% used [0x00000000da200000,0x00000000da6fe7b8,0x00000000da700000)
  to   space 5120K, 0% used [0x00000000d9d00000,0x00000000d9d00000,0x00000000da200000)
 ParOldGen       total 87552K, used 1190K [0x0000000081400000, 0x0000000086980000, 0x00000000d5c00000)
  object space 87552K, 1% used [0x0000000081400000,0x0000000081529b80,0x0000000086980000)
 Metaspace       used 20760K, capacity 21092K, committed 21296K, reserved 1069056K
  class space    used 2588K, capacity 2661K, committed 2688K, reserved 1048576K
Event: 3.179 GC heap after
Heap after GC invocations=5 (full 0):
 PSYoungGen      total 71680K, used 5103K [0x00000000d5c00000, 0x00000000da700000, 0x0000000100000000)
  eden space 66560K, 0% used [0x00000000d5c00000,0x00000000d5c00000,0x00000000d9d00000)
  from space 5120K, 99% used [0x00000000d9d00000,0x00000000da1fbce0,0x00000000da200000)
  to   space 5120K, 0% used [0x00000000da200000,0x00000000da200000,0x00000000da700000)
 ParOldGen       total 87552K, used 4251K [0x0000000081400000, 0x0000000086980000, 0x00000000d5c00000)
  object space 87552K, 4% used [0x0000000081400000,0x0000000081826cf8,0x0000000086980000)
 Metaspace       used 20760K, capacity 21092K, committed 21296K, reserved 1069056K
  class space    used 2588K, capacity 2661K, committed 2688K, reserved 1048576K
}
Event: 3.179 GC heap before
{Heap before GC invocations=6 (full 1):
 PSYoungGen      total 71680K, used 5103K [0x00000000d5c00000, 0x00000000da700000, 0x0000000100000000)
  eden space 66560K, 0% used [0x00000000d5c00000,0x00000000d5c00000,0x00000000d9d00000)
  from space 5120K, 99% used [0x00000000d9d00000,0x00000000da1fbce0,0x00000000da200000)
  to   space 5120K, 0% used [0x00000000da200000,0x00000000da200000,0x00000000da700000)
 ParOldGen       total 87552K, used 4251K [0x0000000081400000, 0x0000000086980000, 0x00000000d5c00000)
  object space 87552K, 4% used [0x0000000081400000,0x0000000081826cf8,0x0000000086980000)
 Metaspace       used 20760K, capacity 21092K, committed 21296K, reserved 1069056K
  class space    used 2588K, capacity 2661K, committed 2688K, reserved 1048576K
Event: 3.208 GC heap after
Heap after GC invocations=6 (full 1):
 PSYoungGen      total 71680K, used 0K [0x00000000d5c00000, 0x00000000da700000, 0x0000000100000000)
  eden space 66560K, 0% used [0x00000000d5c00000,0x00000000d5c00000,0x00000000d9d00000)
  from space 5120K, 0% used [0x00000000d9d00000,0x00000000d9d00000,0x00000000da200000)
  to   space 5120K, 0% used [0x00000000da200000,0x00000000da200000,0x00000000da700000)
 ParOldGen       total 55296K, used 8053K [0x0000000081400000, 0x0000000084a00000, 0x00000000d5c00000)
  object space 55296K, 14% used [0x0000000081400000,0x0000000081bdd5a0,0x0000000084a00000)
 Metaspace       used 20760K, capacity 21092K, committed 21296K, reserved 1069056K
  class space    used 2588K, capacity 2661K, committed 2688K, reserved 1048576K
}
Event: 5.983 GC heap before
{Heap before GC invocations=7 (full 1):
 PSYoungGen      total 71680K, used 66560K [0x00000000d5c00000, 0x00000000da700000, 0x0000000100000000)
  eden space 66560K, 100% used [0x00000000d5c00000,0x00000000d9d00000,0x00000000d9d00000)
  from space 5120K, 0% used [0x00000000d9d00000,0x00000000d9d00000,0x00000000da200000)
  to   space 5120K, 0% used [0x00000000da200000,0x00000000da200000,0x00000000da700000)
 ParOldGen       total 55296K, used 8053K [0x0000000081400000, 0x0000000084a00000, 0x00000000d5c00000)
  object space 55296K, 14% used [0x0000000081400000,0x0000000081bdd5a0,0x0000000084a00000)
 Metaspace       used 23054K, capacity 23324K, committed 23552K, reserved 1069056K
  class space    used 2877K, capacity 2953K, committed 3072K, reserved 1048576K
Event: 6.008 GC heap after
Heap after GC invocations=7 (full 1):
 PSYoungGen      total 68096K, used 4437K [0x00000000d5c00000, 0x00000000dd800000, 0x0000000100000000)
  eden space 62976K, 0% used [0x00000000d5c00000,0x00000000d5c00000,0x00000000d9980000)
  from space 5120K, 86% used [0x00000000da200000,0x00000000da6557a8,0x00000000da700000)
  to   space 8704K, 0% used [0x00000000d9980000,0x00000000d9980000,0x00000000da200000)
 ParOldGen       total 55296K, used 8061K [0x0000000081400000, 0x0000000084a00000, 0x00000000d5c00000)
  object space 55296K, 14% used [0x0000000081400000,0x0000000081bdf5a0,0x0000000084a00000)
 Metaspace       used 23054K, capacity 23324K, committed 23552K, reserved 1069056K
  class space    used 2877K, capacity 2953K, committed 3072K, reserved 1048576K
}

