# JRE version: Java(TM) SE Runtime Environment (8.0_131-b11) (build 1.8.0_131-b11)
# Java VM: Java HotSpot(TM) 64-Bit Server VM (25.131-b11 mixed mode windows-amd64 compressed oops)
Heap:
 PSYoungGen      total 71680K, used 64395K [0x00000000d5c00000, 0x00000000da700000, 0x0000000100000000)
  eden space 66560K, 89% used [0x00000000d5c00000,0x00000000d95e5ed8,0x00000000d9d00000)
  from space 5120K, 99% used [0x00000000d9d00000,0x00000000da1fd030,0x00000000da200000)
  to   space 5120K, 0% used [0x00000000da200000,0x00000000da200000,0x00000000da700000)
 ParOldGen       total 53248K, used 20575K [0x0000000081400000, 0x0000000084800000, 0x00000000d5c00000)
  object space 53248K, 38% used [0x0000000081400000,0x0000000082817fe0,0x0000000084800000)
 Metaspace       used 33119K, capacity 33532K, committed 34048K, reserved 1079296K
  class space    used 4143K, capacity 4233K, committed 4352K, reserved 1048576K
GC Heap History (10 events):
Event: 3.713 GC heap before
{Heap before GC invocations=6 (full 1):
 PSYoungGen      total 71680K, used 5119K [0x00000000d5c00000, 0x00000000da700000, 0x0000000100000000)
  eden space 66560K, 0% used [0x00000000d5c00000,0x00000000d5c00000,0x00000000d9d00000)
  from space 5120K, 99% used [0x00000000d9d00000,0x00000000da1ffcf0,0x00000000da200000)
  to   space 5120K, 0% used [0x00000000da200000,0x00000000da200000,0x00000000da700000)
 ParOldGen       total 87552K, used 4182K [0x0000000081400000, 0x0000000086980000, 0x00000000d5c00000)
  object space 87552K, 4% used [0x0000000081400000,0x0000000081815a08,0x0000000086980000)
 Metaspace       used 20796K, capacity 21092K, committed 21296K, reserved 1069056K
  class space    used 2587K, capacity 2661K, committed 2688K, reserved 1048576K
Event: 3.740 GC heap after
Heap after GC invocations=6 (full 1):
 PSYoungGen      total 71680K, used 0K [0x00000000d5c00000, 0x00000000da700000, 0x0000000100000000)
  eden space 66560K, 0% used [0x00000000d5c00000,0x00000000d5c00000,0x00000000d9d00000)
  from space 5120K, 0% used [0x00000000d9d00000,0x00000000d9d00000,0x00000000da200000)
  to   space 5120K, 0% used [0x00000000da200000,0x00000000da200000,0x00000000da700000)
 ParOldGen       total 53248K, used 8043K [0x0000000081400000, 0x0000000084800000, 0x00000000d5c00000)
  object space 53248K, 15% used [0x0000000081400000,0x0000000081bdadd0,0x0000000084800000)
 Metaspace       used 20796K, capacity 21092K, committed 21296K, reserved 1069056K
  class space    used 2587K, capacity 2661K, committed 2688K, reserved 1048576K
}
Event: 5.786 GC heap before
{Heap before GC invocations=7 (full 1):
 PSYoungGen      total 71680K, used 66560K [0x00000000d5c00000, 0x00000000da700000, 0x0000000100000000)
  eden space 66560K, 100% used [0x00000000d5c00000,0x00000000d9d00000,0x00000000d9d00000)
  from space 5120K, 0% used [0x00000000d9d00000,0x00000000d9d00000,0x00000000da200000)
  to   space 5120K, 0% used [0x00000000da200000,0x00000000da200000,0x00000000da700000)
 ParOldGen       total 53248K, used 8043K [0x0000000081400000, 0x0000000084800000, 0x00000000d5c00000)
  object space 53248K, 15% used [0x0000000081400000,0x0000000081bdadd0,0x0000000084800000)
 Metaspace       used 23049K, capacity 23324K, committed 23552K, reserved 1069056K
  class space    used 2872K, capacity 2953K, committed 3072K, reserved 1048576K
Event: 5.791 GC heap after
Heap after GC invocations=7 (full 1):
 PSYoungGen      total 71680K, used 4414K [0x00000000d5c00000, 0x00000000da700000, 0x0000000100000000)
  eden space 66560K, 0% used [0x00000000d5c00000,0x00000000d5c00000,0x00000000d9d00000)
  from space 5120K, 86% used [0x00000000da200000,0x00000000da64fb50,0x00000000da700000)
  to   space 5120K, 0% used [0x00000000d9d00000,0x00000000d9d00000,0x00000000da200000)
 ParOldGen       total 53248K, used 8051K [0x0000000081400000, 0x0000000084800000, 0x00000000d5c00000)
  object space 53248K, 15% used [0x0000000081400000,0x0000000081bdcdd0,0x0000000084800000)
 Metaspace       used 23049K, capacity 23324K, committed 23552K, reserved 1069056K
  class space    used 2872K, capacity 2953K, committed 3072K, reserved 1048576K
}
Event: 6.530 GC heap before
{Heap before GC invocations=8 (full 1):
 PSYoungGen      total 71680K, used 70974K [0x00000000d5c00000, 0x00000000da700000, 0x0000000100000000)
  eden space 66560K, 100% used [0x00000000d5c00000,0x00000000d9d00000,0x00000000d9d00000)
  from space 5120K, 86% used [0x00000000da200000,0x00000000da64fb50,0x00000000da700000)
  to   space 5120K, 0% used [0x00000000d9d00000,0x00000000d9d00000,0x00000000da200000)
 ParOldGen       total 53248K, used 8051K [0x0000000081400000, 0x0000000084800000, 0x00000000d5c00000)
  object space 53248K, 15% used [0x0000000081400000,0x0000000081bdcdd0,0x0000000084800000)
 Metaspace       used 24592K, capacity 24868K, committed 25216K, reserved 1071104K
  class space    used 3090K, capacity 3157K, committed 3200K, reserved 1048576K
Event: 6.541 GC heap after
Heap after GC invocations=8 (full 1):
 PSYoungGen      total 71680K, used 5117K [0x00000000d5c00000, 0x00000000da700000, 0x0000000100000000)
  eden space 66560K, 0% used [0x00000000d5c00000,0x00000000d5c00000,0x00000000d9d00000)
  from space 5120K, 99% used [0x00000000d9d00000,0x00000000da1ff698,0x00000000da200000)
  to   space 5120K, 0% used [0x00000000da200000,0x00000000da200000,0x00000000da700000)
 ParOldGen       total 53248K, used 9529K [0x0000000081400000, 0x0000000084800000, 0x00000000d5c00000)
  object space 53248K, 17% used [0x0000000081400000,0x0000000081d4e448,0x0000000084800000)
 Metaspace       used 24592K, capacity 24868K, committed 25216K, reserved 1071104K
  class space    used 3090K, capacity 3157K, committed 3200K, reserved 1048576K
}
Event: 7.046 GC heap before
{Heap before GC invocations=9 (full 1):
 PSYoungGen      total 71680K, used 71677K [0x00000000d5c00000, 0x00000000da700000, 0x0000000100000000)
  eden space 66560K, 100% used [0x00000000d5c00000,0x00000000d9d00000,0x00000000d9d00000)
  from space 5120K, 99% used [0x00000000d9d00000,0x00000000da1ff698,0x00000000da200000)
  to   space 5120K, 0% used [0x00000000da200000,0x00000000da200000,0x00000000da700000)
 ParOldGen       total 53248K, used 9529K [0x0000000081400000, 0x0000000084800000, 0x00000000d5c00000)
  object space 53248K, 17% used [0x0000000081400000,0x0000000081d4e448,0x0000000084800000)
 Metaspace       used 26533K, capacity 26862K, committed 27008K, reserved 1073152K
  class space    used 3343K, capacity 3452K, committed 3456K, reserved 1048576K
Event: 7.053 GC heap after
Heap after GC invocations=9 (full 1):
 PSYoungGen      total 71680K, used 5108K [0x00000000d5c00000, 0x00000000da700000, 0x0000000100000000)
  eden space 66560K, 0% used [0x00000000d5c00000,0x00000000d5c00000,0x00000000d9d00000)
  from space 5120K, 99% used [0x00000000da200000,0x00000000da6fd030,0x00000000da700000)
  to   space 5120K, 0% used [0x00000000d9d00000,0x00000000d9d00000,0x00000000da200000)
 ParOldGen       total 53248K, used 12023K [0x0000000081400000, 0x0000000084800000, 0x00000000d5c00000)
  object space 53248K, 22% used [0x0000000081400000,0x0000000081fbdff0,0x0000000084800000)
 Metaspace       used 26533K, capacity 26862K, committed 27008K, reserved 1073152K
  class space    used 3343K, capacity 3452K, committed 3456K, reserved 1048576K
}
Event: 7.995 GC heap before
{Heap before GC invocations=10 (full 1):
 PSYoungGen      total 71680K, used 71668K [0x00000000d5c00000, 0x00000000da700000, 0x0000000100000000)
  eden space 66560K, 100% used [0x00000000d5c00000,0x00000000d9d00000,0x00000000d9d00000)
  from space 5120K, 99% used [0x00000000da200000,0x00000000da6fd030,0x00000000da700000)
  to   space 5120K, 0% used [0x00000000d9d00000,0x00000000d9d00000,0x00000000da200000)
 ParOldGen       total 53248K, used 12023K [0x0000000081400000, 0x0000000084800000, 0x00000000d5c00000)
  object space 53248K, 22% used [0x0000000081400000,0x0000000081fbdff0,0x0000000084800000)
 Metaspace       used 31254K, capacity 31626K, committed 32000K, reserved 1077248K
  class space    used 3934K, capacity 4006K, committed 4096K, reserved 1048576K
Event: 8.007 GC heap after
Heap after GC invocations=10 (full 1):
 PSYoungGen      total 71680K, used 5108K [0x00000000d5c00000, 0x00000000da700000, 0x0000000100000000)
  eden space 66560K, 0% used [0x00000000d5c00000,0x00000000d5c00000,0x00000000d9d00000)
  from space 5120K, 99% used [0x00000000d9d00000,0x00000000da1fd030,0x00000000da200000)
  to   space 5120K, 0% used [0x00000000da200000,0x00000000da200000,0x00000000da700000)
 ParOldGen       total 53248K, used 20575K [0x0000000081400000, 0x0000000084800000, 0x00000000d5c00000)
  object space 53248K, 38% used [0x0000000081400000,0x0000000082817fe0,0x0000000084800000)
 Metaspace       used 31254K, capacity 31626K, committed 32000K, reserved 1077248K
  class space    used 3934K, capacity 4006K, committed 4096K, reserved 1048576K
}

